2024-09-24 10:56:22,032 - INFO - Attempting to connect to the database...
2024-09-24 10:56:34,166 - ERROR - Failed to connect to the database.
Traceback (most recent call last):
  File "C:\Users\gkazeneza\Desktop\dashboard\material-dashboard\python\connection.py", line 21, in <module>
    conn = pyodbc.connect(conn_str, timeout=10)
         ^^^^^^^^^^^^^^^^^^^^^^^^^^^^^^^^^^^^
pyodbc.OperationalError: ('08001', '[08001] [Microsoft][ODBC Driver 17 for SQL Server]Named Pipes Provider: Could not open a connection to SQL Server [2].  (2) (SQLDriverConnect); [08001] [Microsoft][ODBC Driver 17 for SQL Server]Login timeout expired (0); [08001] [Microsoft][ODBC Driver 17 for SQL Server]A network-related or instance-specific error has occurred while establishing a connection to SQL Server. Server is not found or not accessible. Check if instance name is correct and if SQL Server is configured to allow remote connections. For more information see SQL Server Books Online. (2)')
2024-09-24 11:17:47,756 - INFO - Attempting to connect to the database...
2024-09-24 11:17:50,040 - INFO - Connected to the database successfully!
2024-09-24 11:18:04,882 - INFO - Attempting to connect to the database...
2024-09-24 11:18:09,970 - INFO - Connected to the database successfully!
2024-09-24 11:19:29,221 - INFO - Attempting to connect to the database...
2024-09-24 11:19:31,735 - INFO - Connected to the database successfully!
2024-09-24 11:19:52,227 - INFO - Attempting to connect to the database...
2024-09-24 11:19:53,253 - INFO - Connected to the database successfully!
2024-09-24 11:37:33,840 - INFO - Attempting to connect to the database...
2024-09-24 11:37:45,841 - ERROR - Failed to connect to the database.
Traceback (most recent call last):
  File "C:\Users\gkazeneza\Desktop\dashboard\material-dashboard\python\connection.py", line 21, in <module>
    conn = pyodbc.connect(conn_str, timeout=10)
         ^^^^^^^^^^^^^^^^^^^^^^^^^^^^^^^^^^^^
pyodbc.OperationalError: ('08001', '[08001] [Microsoft][ODBC Driver 17 for SQL Server]Named Pipes Provider: Could not open a connection to SQL Server [2].  (2) (SQLDriverConnect); [08001] [Microsoft][ODBC Driver 17 for SQL Server]Login timeout expired (0); [08001] [Microsoft][ODBC Driver 17 for SQL Server]A network-related or instance-specific error has occurred while establishing a connection to SQL Server. Server is not found or not accessible. Check if instance name is correct and if SQL Server is configured to allow remote connections. For more information see SQL Server Books Online. (2)')
2024-09-24 11:53:34,410 - INFO - Attempting to connect to the database...
2024-09-24 11:53:44,751 - ERROR - Failed to connect to the database.
Traceback (most recent call last):
  File "C:\Users\gkazeneza\Desktop\dashboard\material-dashboard\python\connection.py", line 21, in <module>
    conn = pyodbc.connect(conn_str, timeout=10)
         ^^^^^^^^^^^^^^^^^^^^^^^^^^^^^^^^^^^^
pyodbc.OperationalError: ('08001', '[08001] [Microsoft][ODBC Driver 17 for SQL Server]Named Pipes Provider: Could not open a connection to SQL Server [2].  (2) (SQLDriverConnect); [08001] [Microsoft][ODBC Driver 17 for SQL Server]Login timeout expired (0); [08001] [Microsoft][ODBC Driver 17 for SQL Server]A network-related or instance-specific error has occurred while establishing a connection to SQL Server. Server is not found or not accessible. Check if instance name is correct and if SQL Server is configured to allow remote connections. For more information see SQL Server Books Online. (2)')
2024-09-24 11:56:08,791 - INFO - Attempting to connect to the database...
2024-09-24 11:56:19,004 - ERROR - Failed to connect to the database.
Traceback (most recent call last):
  File "C:\Users\gkazeneza\Desktop\dashboard\material-dashboard\python\connection.py", line 21, in <module>
    conn = pyodbc.connect(conn_str, timeout=10)
         ^^^^^^^^^^^^^^^^^^^^^^^^^^^^^^^^^^^^
pyodbc.OperationalError: ('08001', '[08001] [Microsoft][ODBC Driver 17 for SQL Server]Named Pipes Provider: Could not open a connection to SQL Server [2].  (2) (SQLDriverConnect); [08001] [Microsoft][ODBC Driver 17 for SQL Server]Login timeout expired (0); [08001] [Microsoft][ODBC Driver 17 for SQL Server]A network-related or instance-specific error has occurred while establishing a connection to SQL Server. Server is not found or not accessible. Check if instance name is correct and if SQL Server is configured to allow remote connections. For more information see SQL Server Books Online. (2)')
2024-09-24 12:04:14,993 - INFO - Attempting to connect to the database...
2024-09-24 12:04:25,172 - ERROR - Failed to connect to the database.
Traceback (most recent call last):
  File "C:\Users\gkazeneza\Desktop\dashboard\material-dashboard\python\connection.py", line 21, in <module>
    conn = pyodbc.connect(conn_str, timeout=10)
         ^^^^^^^^^^^^^^^^^^^^^^^^^^^^^^^^^^^^
pyodbc.OperationalError: ('08001', '[08001] [Microsoft][ODBC Driver 17 for SQL Server]Named Pipes Provider: Could not open a connection to SQL Server [2].  (2) (SQLDriverConnect); [08001] [Microsoft][ODBC Driver 17 for SQL Server]Login timeout expired (0); [08001] [Microsoft][ODBC Driver 17 for SQL Server]A network-related or instance-specific error has occurred while establishing a connection to SQL Server. Server is not found or not accessible. Check if instance name is correct and if SQL Server is configured to allow remote connections. For more information see SQL Server Books Online. (2)')
2024-09-24 12:07:53,576 - INFO - Attempting to connect to the database...
2024-09-24 12:08:05,219 - ERROR - Failed to connect to the database.
Traceback (most recent call last):
  File "C:\Users\gkazeneza\Desktop\dashboard\material-dashboard\python\connection.py", line 21, in <module>
    conn = pyodbc.connect(conn_str, timeout=10)
         ^^^^^^^^^^^^^^^^^^^^^^^^^^^^^^^^^^^^
pyodbc.OperationalError: ('08001', '[08001] [Microsoft][ODBC Driver 17 for SQL Server]Named Pipes Provider: Could not open a connection to SQL Server [2].  (2) (SQLDriverConnect); [08001] [Microsoft][ODBC Driver 17 for SQL Server]Login timeout expired (0); [08001] [Microsoft][ODBC Driver 17 for SQL Server]A network-related or instance-specific error has occurred while establishing a connection to SQL Server. Server is not found or not accessible. Check if instance name is correct and if SQL Server is configured to allow remote connections. For more information see SQL Server Books Online. (2)')
2024-09-24 13:12:33,097 - INFO - Attempting to connect to the database...
2024-09-24 13:12:44,580 - ERROR - Failed to connect to the database.
Traceback (most recent call last):
  File "C:\Users\gkazeneza\Desktop\dashboard\material-dashboard\python\connection.py", line 21, in <module>
    conn = pyodbc.connect(conn_str, timeout=10)
         ^^^^^^^^^^^^^^^^^^^^^^^^^^^^^^^^^^^^
pyodbc.OperationalError: ('08001', '[08001] [Microsoft][ODBC Driver 17 for SQL Server]Named Pipes Provider: Could not open a connection to SQL Server [2].  (2) (SQLDriverConnect); [08001] [Microsoft][ODBC Driver 17 for SQL Server]Login timeout expired (0); [08001] [Microsoft][ODBC Driver 17 for SQL Server]A network-related or instance-specific error has occurred while establishing a connection to SQL Server. Server is not found or not accessible. Check if instance name is correct and if SQL Server is configured to allow remote connections. For more information see SQL Server Books Online. (2)')
2024-09-24 14:01:55,670 - INFO - Attempting to connect to the database...
2024-09-24 14:01:56,163 - INFO - Connected to the database successfully!
2024-09-24 14:35:22,175 - INFO - Attempting to connect to the database...
2024-09-24 14:35:32,565 - ERROR - Failed to connect to the database.
Traceback (most recent call last):
  File "C:\Users\gkazeneza\Desktop\dashboard\material-dashboard\python\connection.py", line 21, in <module>
    conn = pyodbc.connect(conn_str, timeout=10)
         ^^^^^^^^^^^^^^^^^^^^^^^^^^^^^^^^^^^^
pyodbc.OperationalError: ('08001', '[08001] [Microsoft][ODBC Driver 17 for SQL Server]Named Pipes Provider: Could not open a connection to SQL Server [2].  (2) (SQLDriverConnect); [08001] [Microsoft][ODBC Driver 17 for SQL Server]Login timeout expired (0); [08001] [Microsoft][ODBC Driver 17 for SQL Server]A network-related or instance-specific error has occurred while establishing a connection to SQL Server. Server is not found or not accessible. Check if instance name is correct and if SQL Server is configured to allow remote connections. For more information see SQL Server Books Online. (2)')
2024-09-24 14:35:44,839 - INFO - Attempting to connect to the database...
2024-09-24 14:35:56,870 - ERROR - Failed to connect to the database.
Traceback (most recent call last):
  File "C:\Users\gkazeneza\Desktop\dashboard\material-dashboard\python\connection.py", line 21, in <module>
    conn = pyodbc.connect(conn_str, timeout=10)
         ^^^^^^^^^^^^^^^^^^^^^^^^^^^^^^^^^^^^
pyodbc.OperationalError: ('08001', '[08001] [Microsoft][ODBC Driver 17 for SQL Server]Named Pipes Provider: Could not open a connection to SQL Server [2].  (2) (SQLDriverConnect); [08001] [Microsoft][ODBC Driver 17 for SQL Server]Login timeout expired (0); [08001] [Microsoft][ODBC Driver 17 for SQL Server]A network-related or instance-specific error has occurred while establishing a connection to SQL Server. Server is not found or not accessible. Check if instance name is correct and if SQL Server is configured to allow remote connections. For more information see SQL Server Books Online. (2)')
2024-09-24 14:50:13,235 - INFO - Attempting to connect to the database...
2024-09-24 14:50:23,582 - ERROR - Failed to connect to the database.
Traceback (most recent call last):
  File "C:\Users\gkazeneza\Desktop\dashboard\material-dashboard\python\connection.py", line 21, in <module>
    conn = pyodbc.connect(conn_str, timeout=10)
         ^^^^^^^^^^^^^^^^^^^^^^^^^^^^^^^^^^^^
pyodbc.OperationalError: ('08001', '[08001] [Microsoft][ODBC Driver 17 for SQL Server]Named Pipes Provider: Could not open a connection to SQL Server [2].  (2) (SQLDriverConnect); [08001] [Microsoft][ODBC Driver 17 for SQL Server]Login timeout expired (0); [08001] [Microsoft][ODBC Driver 17 for SQL Server]A network-related or instance-specific error has occurred while establishing a connection to SQL Server. Server is not found or not accessible. Check if instance name is correct and if SQL Server is configured to allow remote connections. For more information see SQL Server Books Online. (2)')
2024-09-24 14:56:17,437 - INFO - Attempting to connect to the database...
2024-09-24 14:56:18,559 - INFO - Connected to the database successfully!
2024-09-24 15:25:51,962 - INFO - Attempting to connect to the database...
2024-09-24 15:26:02,128 - ERROR - Failed to connect to the database.
Traceback (most recent call last):
  File "C:\Users\gkazeneza\Desktop\dashboard\material-dashboard\python\connection.py", line 21, in <module>
    conn = pyodbc.connect(conn_str, timeout=10)
         ^^^^^^^^^^^^^^^^^^^^^^^^^^^^^^^^^^^^
pyodbc.OperationalError: ('08001', '[08001] [Microsoft][ODBC Driver 17 for SQL Server]Named Pipes Provider: Could not open a connection to SQL Server [2].  (2) (SQLDriverConnect); [08001] [Microsoft][ODBC Driver 17 for SQL Server]Login timeout expired (0); [08001] [Microsoft][ODBC Driver 17 for SQL Server]A network-related or instance-specific error has occurred while establishing a connection to SQL Server. Server is not found or not accessible. Check if instance name is correct and if SQL Server is configured to allow remote connections. For more information see SQL Server Books Online. (2)')
2024-09-24 16:27:31,787 - INFO - Attempting to connect to the database...
2024-09-24 16:27:41,983 - ERROR - Failed to connect to the database.
Traceback (most recent call last):
  File "C:\Users\gkazeneza\Desktop\dashboard\material-dashboard\python\connection.py", line 21, in <module>
    conn = pyodbc.connect(conn_str, timeout=10)
         ^^^^^^^^^^^^^^^^^^^^^^^^^^^^^^^^^^^^
pyodbc.OperationalError: ('08001', '[08001] [Microsoft][ODBC Driver 17 for SQL Server]Named Pipes Provider: Could not open a connection to SQL Server [2].  (2) (SQLDriverConnect); [08001] [Microsoft][ODBC Driver 17 for SQL Server]Login timeout expired (0); [08001] [Microsoft][ODBC Driver 17 for SQL Server]A network-related or instance-specific error has occurred while establishing a connection to SQL Server. Server is not found or not accessible. Check if instance name is correct and if SQL Server is configured to allow remote connections. For more information see SQL Server Books Online. (2)')
